<?xml version="1.0" encoding="UTF-8"?>
<!-- Generated by org.testng.reporters.JUnitXMLReporter -->
<testsuite hostname="DESKTOP-23R50OH" ignored="0" name="Default test" tests="4" failures="0" timestamp="01 Nov 2022 18:28:29 GMT" time="39.765" errors="0">
  <testcase name="driverIsNull" time="0.008" classname="com.obsqura.HardAssertAssign.HardAssignTest"/>
  <testcase name="driverNull" time="0.017" classname="com.obsqura.HardAssertAssign.HardAssignTest"/>
  <testcase name="loginPageNullNot" time="4.617" classname="com.obsqura.HardAssertAssign.HardAssignTest"/>
  <testcase name="verifyTitle" time="0.011" classname="com.obsqura.HardAssertAssign.HardAssignTest"/>
</testsuite> <!-- Default test -->
