<?xml version="1.0" encoding="UTF-8"?>
<!-- Generated by org.testng.reporters.JUnitXMLReporter -->
<testsuite hostname="DESKTOP-23R50OH" ignored="23" name="Test" tests="1" failures="1" timestamp="05 Nov 2022 11:58:50 GMT" time="12.377" errors="0">
  <testcase name="locatingXpathAllSuggestions" time="0.327" classname="com.obsqura.TestNGSample.Locators">
    <failure type="org.openqa.selenium.NoSuchElementException" message="no such element: Unable to locate element: {&amp;quot;method&amp;quot;:&amp;quot;xpath&amp;quot;,&amp;quot;selector&amp;quot;:&amp;quot;(//div[@id=&amp;apos;s-suggestion s-recentSearchDistinct s-suggestion-ellipsis-direction&amp;apos;])[2]//span[1]&amp;quot;}
  (Session info: chrome=107.0.5304.88)
For documentation on this error, please visit: https://selenium.dev/exceptions/#no_such_element
Build info: version: &amp;apos;4.4.0&amp;apos;, revision: &amp;apos;e5c75ed026a&amp;apos;
System info: host: &amp;apos;DESKTOP-23R50OH&amp;apos;, ip: &amp;apos;192.168.0.169&amp;apos;, os.name: &amp;apos;Windows 10&amp;apos;, os.arch: &amp;apos;amd64&amp;apos;, os.version: &amp;apos;10.0&amp;apos;, java.version: &amp;apos;1.8.0_201&amp;apos;
Driver info: org.openqa.selenium.chrome.ChromeDriver
Command: [1f61a2377c5c40e6e03e7a8ac4908100, findElement {using=xpath, value=(//div[@id=&amp;apos;s-suggestion s-recentSearchDistinct s-suggestion-ellipsis-direction&amp;apos;])[2]//span[1]}]
Capabilities {acceptInsecureCerts: false, browserName: chrome, browserVersion: 107.0.5304.88, chrome: {chromedriverVersion: 106.0.5249.61 (511755355844..., userDataDir: C:\Users\admin\AppData\Loca...}, goog:chromeOptions: {debuggerAddress: localhost:60215}, networkConnectionEnabled: false, pageLoadStrategy: normal, platformName: WINDOWS, proxy: Proxy(), se:cdp: ws://localhost:60215/devtoo..., se:cdpVersion: 107.0.5304.88, setWindowRect: true, strictFileInteractability: false, timeouts: {implicit: 0, pageLoad: 300000, script: 30000}, unhandledPromptBehavior: dismiss and notify, webauthn:extension:credBlob: true, webauthn:extension:largeBlob: true, webauthn:virtualAuthenticators: true}
Session ID: 1f61a2377c5c40e6e03e7a8ac4908100">
      <![CDATA[org.openqa.selenium.NoSuchElementException: no such element: Unable to locate element: {"method":"xpath","selector":"(//div[@id='s-suggestion s-recentSearchDistinct s-suggestion-ellipsis-direction'])[2]//span[1]"}
  (Session info: chrome=107.0.5304.88)
For documentation on this error, please visit: https://selenium.dev/exceptions/#no_such_element
Build info: version: '4.4.0', revision: 'e5c75ed026a'
System info: host: 'DESKTOP-23R50OH', ip: '192.168.0.169', os.name: 'Windows 10', os.arch: 'amd64', os.version: '10.0', java.version: '1.8.0_201'
Driver info: org.openqa.selenium.chrome.ChromeDriver
Command: [1f61a2377c5c40e6e03e7a8ac4908100, findElement {using=xpath, value=(//div[@id='s-suggestion s-recentSearchDistinct s-suggestion-ellipsis-direction'])[2]//span[1]}]
Capabilities {acceptInsecureCerts: false, browserName: chrome, browserVersion: 107.0.5304.88, chrome: {chromedriverVersion: 106.0.5249.61 (511755355844..., userDataDir: C:\Users\admin\AppData\Loca...}, goog:chromeOptions: {debuggerAddress: localhost:60215}, networkConnectionEnabled: false, pageLoadStrategy: normal, platformName: WINDOWS, proxy: Proxy(), se:cdp: ws://localhost:60215/devtoo..., se:cdpVersion: 107.0.5304.88, setWindowRect: true, strictFileInteractability: false, timeouts: {implicit: 0, pageLoad: 300000, script: 30000}, unhandledPromptBehavior: dismiss and notify, webauthn:extension:credBlob: true, webauthn:extension:largeBlob: true, webauthn:virtualAuthenticators: true}
Session ID: 1f61a2377c5c40e6e03e7a8ac4908100
	at org.openqa.selenium.remote.codec.w3c.W3CHttpResponseCodec.createException(W3CHttpResponseCodec.java:200)
	at org.openqa.selenium.remote.codec.w3c.W3CHttpResponseCodec.decode(W3CHttpResponseCodec.java:133)
	at org.openqa.selenium.remote.codec.w3c.W3CHttpResponseCodec.decode(W3CHttpResponseCodec.java:53)
	at org.openqa.selenium.remote.HttpCommandExecutor.execute(HttpCommandExecutor.java:184)
	at org.openqa.selenium.remote.service.DriverCommandExecutor.invokeExecute(DriverCommandExecutor.java:167)
	at org.openqa.selenium.remote.service.DriverCommandExecutor.execute(DriverCommandExecutor.java:142)
	at org.openqa.selenium.remote.RemoteWebDriver.execute(RemoteWebDriver.java:547)
	at org.openqa.selenium.remote.ElementLocation$ElementFinder$2.findElement(ElementLocation.java:162)
	at org.openqa.selenium.remote.ElementLocation.findElement(ElementLocation.java:60)
	at org.openqa.selenium.remote.RemoteWebDriver.findElement(RemoteWebDriver.java:365)
	at org.openqa.selenium.remote.RemoteWebDriver.findElement(RemoteWebDriver.java:357)
	at com.obsqura.TestNGSample.Locators.locatingXpathAllSuggestions(Locators.java:122)
... Removed 29 stack frames]]>
    </failure>
  </testcase> <!-- locatingXpathAllSuggestions -->
  <testcase name="locatingById" time="0.0" classname="com.obsqura.TestNGSample.Locators">
    <ignored/>
  </testcase> <!-- locatingById -->
  <testcase name="locatingCSSSetLang" time="0.0" classname="com.obsqura.TestNGSample.Locators">
    <ignored/>
  </testcase> <!-- locatingCSSSetLang -->
  <testcase name="locatingByClass" time="0.0" classname="com.obsqura.TestNGSample.Locators">
    <ignored/>
  </testcase> <!-- locatingByClass -->
  <testcase name="locatingFlag" time="0.0" classname="com.obsqura.TestNGSample.Locators">
    <ignored/>
  </testcase> <!-- locatingFlag -->
  <testcase name="locatingXpathAirdopeAddCart" time="0.0" classname="com.obsqura.TestNGSample.Locators">
    <ignored/>
  </testcase> <!-- locatingXpathAirdopeAddCart -->
  <testcase name="locatingName" time="0.0" classname="com.obsqura.TestNGSample.Locators">
    <ignored/>
  </testcase> <!-- locatingName -->
  <testcase name="locatingXpathAccountlists" time="0.0" classname="com.obsqura.TestNGSample.Locators">
    <ignored/>
  </testcase> <!-- locatingXpathAccountlists -->
  <testcase name="locatingXpathSignIn" time="0.0" classname="com.obsqura.TestNGSample.Locators">
    <ignored/>
  </testcase> <!-- locatingXpathSignIn -->
  <testcase name="locatingXpathSearch" time="0.0" classname="com.obsqura.TestNGSample.Locators">
    <ignored/>
  </testcase> <!-- locatingXpathSearch -->
  <testcase name="locatingCSSCartToDeals" time="0.0" classname="com.obsqura.TestNGSample.Locators">
    <ignored/>
  </testcase> <!-- locatingCSSCartToDeals -->
  <testcase name="locatingAll" time="0.0" classname="com.obsqura.TestNGSample.Locators">
    <ignored/>
  </testcase> <!-- locatingAll -->
  <testcase name="locatingXpathCookwareDining" time="0.0" classname="com.obsqura.TestNGSample.Locators">
    <ignored/>
  </testcase> <!-- locatingXpathCookwareDining -->
  <testcase name="locatingXpathdir" time="0.0" classname="com.obsqura.TestNGSample.Locators">
    <ignored/>
  </testcase> <!-- locatingXpathdir -->
  <testcase name="locatingCSSAll" time="0.0" classname="com.obsqura.TestNGSample.Locators">
    <ignored/>
  </testcase> <!-- locatingCSSAll -->
  <testcase name="locatingCSSFlag" time="0.0" classname="com.obsqura.TestNGSample.Locators">
    <ignored/>
  </testcase> <!-- locatingCSSFlag -->
  <testcase name="locatingXpathBooks" time="0.0" classname="com.obsqura.TestNGSample.Locators">
    <ignored/>
  </testcase> <!-- locatingXpathBooks -->
  <testcase name="locatingXpathClickSearch" time="0.0" classname="com.obsqura.TestNGSample.Locators">
    <ignored/>
  </testcase> <!-- locatingXpathClickSearch -->
  <testcase name="locatingCSSSel" time="0.0" classname="com.obsqura.TestNGSample.Locators">
    <ignored/>
  </testcase> <!-- locatingCSSSel -->
  <testcase name="locatingFashionWomen" time="0.0" classname="com.obsqura.TestNGSample.Locators">
    <ignored/>
  </testcase> <!-- locatingFashionWomen -->
  <testcase name="locatingStartSelling" time="0.0" classname="com.obsqura.TestNGSample.Locators">
    <ignored/>
  </testcase> <!-- locatingStartSelling -->
  <testcase name="locatingXpathBestSellers" time="0.0" classname="com.obsqura.TestNGSample.Locators">
    <ignored/>
  </testcase> <!-- locatingXpathBestSellers -->
  <testcase name="locatingXpathElectroTop" time="0.0" classname="com.obsqura.TestNGSample.Locators">
    <ignored/>
  </testcase> <!-- locatingXpathElectroTop -->
  <testcase name="locatingClass" time="0.0" classname="com.obsqura.TestNGSample.Locators">
    <ignored/>
  </testcase> <!-- locatingClass -->
</testsuite> <!-- Test -->
