<?xml version="1.0" encoding="UTF-8"?>
<!-- Generated by org.testng.reporters.JUnitXMLReporter -->
<testsuite hostname="DESKTOP-23R50OH" ignored="0" name="Test" tests="13" failures="0" timestamp="18 Nov 2022 13:06:36 GMT" time="87.389" errors="0">
  <testcase name="femaleFirstAgeGroupOnly" time="0.615" classname="com.obsqura.TestNGSample.GroupRadioButton"/>
  <testcase name="femaleSecondAgeGroupOnly" time="0.744" classname="com.obsqura.TestNGSample.GroupRadioButton"/>
  <testcase name="femaleThirdAgeGroupOnly" time="0.954" classname="com.obsqura.TestNGSample.GroupRadioButton"/>
  <testcase name="firstAgeGroupOnly" time="0.653" classname="com.obsqura.TestNGSample.GroupRadioButton"/>
  <testcase name="maleFirstAgeGroupOnly" time="0.871" classname="com.obsqura.TestNGSample.GroupRadioButton"/>
  <testcase name="maleSecondAgeGroupOnly" time="0.84" classname="com.obsqura.TestNGSample.GroupRadioButton"/>
  <testcase name="maleThirdAgeGroupOnly" time="0.891" classname="com.obsqura.TestNGSample.GroupRadioButton"/>
  <testcase name="patientAgGroupCheck" time="0.787" classname="com.obsqura.TestNGSample.GroupRadioButton"/>
  <testcase name="patientFemaleOnly" time="0.645" classname="com.obsqura.TestNGSample.GroupRadioButton"/>
  <testcase name="patientGenderCheck" time="0.667" classname="com.obsqura.TestNGSample.GroupRadioButton"/>
  <testcase name="patientMaleOnly" time="0.804" classname="com.obsqura.TestNGSample.GroupRadioButton"/>
  <testcase name="secondAgeGroupOnly" time="0.667" classname="com.obsqura.TestNGSample.GroupRadioButton"/>
  <testcase name="thirdAgeGroupOnly" time="0.832" classname="com.obsqura.TestNGSample.GroupRadioButton"/>
</testsuite> <!-- Test -->
