<?xml version="1.0" encoding="UTF-8"?>
<!-- Generated by org.testng.reporters.JUnitXMLReporter -->
<testsuite hostname="DESKTOP-23R50OH" ignored="3" name="Test" tests="1" failures="0" timestamp="22 Nov 2022 05:21:53 GMT" time="8.966" errors="0">
  <testcase name="elementCount" time="0.468" classname="com.obsqura.TestNGSample.SelectFromDropdown"/>
  <testcase name="selectByIndex" time="0.0" classname="com.obsqura.TestNGSample.SelectFromDropdown">
    <ignored/>
  </testcase> <!-- selectByIndex -->
  <testcase name="selectSample" time="0.0" classname="com.obsqura.TestNGSample.SelectFromDropdown">
    <ignored/>
  </testcase> <!-- selectSample -->
  <testcase name="selectByValue" time="0.0" classname="com.obsqura.TestNGSample.SelectFromDropdown">
    <ignored/>
  </testcase> <!-- selectByValue -->
</testsuite> <!-- Test -->
