<?xml version="1.0" encoding="UTF-8"?>
<!-- Generated by org.testng.reporters.JUnitXMLReporter -->
<testsuite hostname="DESKTOP-23R50OH" ignored="3" name="Test" tests="1" failures="0" timestamp="23 Nov 2022 17:21:27 GMT" time="12.523" errors="0">
  <testcase name="selectAndDeselectMultipleValueDropDown" time="3.031" classname="com.obsqura.TestNGSample.JquerySelect2Dropdown"/>
  <testcase name="headingDropdownWithSearchBox" time="0.0" classname="com.obsqura.TestNGSample.JquerySelect2Dropdown">
    <ignored/>
  </testcase> <!-- headingDropdownWithSearchBox -->
  <testcase name="selectOneOptionDropDown" time="0.0" classname="com.obsqura.TestNGSample.JquerySelect2Dropdown">
    <ignored/>
  </testcase> <!-- selectOneOptionDropDown -->
  <testcase name="headingSelectMultipleValues" time="0.0" classname="com.obsqura.TestNGSample.JquerySelect2Dropdown">
    <ignored/>
  </testcase> <!-- headingSelectMultipleValues -->
</testsuite> <!-- Test -->
