<?xml version="1.0" encoding="UTF-8"?>
<!-- Generated by org.testng.reporters.JUnitXMLReporter -->
<testsuite hostname="DESKTOP-23R50OH" ignored="0" name="Test" tests="3" failures="0" timestamp="24 Nov 2022 11:52:08 GMT" time="212.519" errors="0">
  <testcase name="operaRadioBoxSelectedorNot" time="0.056" classname="com.obsqura.TestNGSample.SeleniumCheckRadioEnSel"/>
  <testcase name="redCheckBoxEnabledorNot" time="0.084" classname="com.obsqura.TestNGSample.SeleniumCheckRadioEnSel"/>
  <testcase name="redCheckBoxSelectedorNot" time="0.049" classname="com.obsqura.TestNGSample.SeleniumCheckRadioEnSel"/>
</testsuite> <!-- Test -->
