<?xml version="1.0" encoding="UTF-8"?>
<!-- Generated by org.testng.reporters.JUnitXMLReporter -->
<testsuite hostname="DESKTOP-23R50OH" ignored="1" name="Test" tests="1" failures="0" timestamp="09 Nov 2022 03:43:55 GMT" time="8.317" errors="0">
  <testcase name="getTotal" time="0.425" classname="com.obsqura.TestNGSample.WebElementCommands"/>
  <testcase name="sendKeysSample" time="0.0" classname="com.obsqura.TestNGSample.WebElementCommands">
    <ignored/>
  </testcase> <!-- sendKeysSample -->
</testsuite> <!-- Test -->
