<?xml version="1.0" encoding="UTF-8"?>
<!-- Generated by org.testng.reporters.JUnitXMLReporter -->
<testsuite hostname="DESKTOP-23R50OH" ignored="0" name="Test" tests="12" failures="0" timestamp="21 Nov 2022 08:11:20 GMT" time="75.731" errors="0">
  <testcase name="patientAge1Check" time="0.609" classname="com.obsqura.TestNGSample.GroupGenderAgeRadioButton"/>
  <testcase name="patientAge2Check" time="0.592" classname="com.obsqura.TestNGSample.GroupGenderAgeRadioButton"/>
  <testcase name="patientAge3Check" time="0.561" classname="com.obsqura.TestNGSample.GroupGenderAgeRadioButton"/>
  <testcase name="patientFemaleAge1Check" time="0.557" classname="com.obsqura.TestNGSample.GroupGenderAgeRadioButton"/>
  <testcase name="patientFemaleAge2Check" time="0.601" classname="com.obsqura.TestNGSample.GroupGenderAgeRadioButton"/>
  <testcase name="patientFemaleAge3Check" time="0.578" classname="com.obsqura.TestNGSample.GroupGenderAgeRadioButton"/>
  <testcase name="patientFemaleCheck" time="0.577" classname="com.obsqura.TestNGSample.GroupGenderAgeRadioButton"/>
  <testcase name="patientGenderAgeGroupCheck" time="0.953" classname="com.obsqura.TestNGSample.GroupGenderAgeRadioButton"/>
  <testcase name="patientMaleAge1Check" time="0.576" classname="com.obsqura.TestNGSample.GroupGenderAgeRadioButton"/>
  <testcase name="patientMaleAge2Check" time="0.613" classname="com.obsqura.TestNGSample.GroupGenderAgeRadioButton"/>
  <testcase name="patientMaleAge3Check" time="0.657" classname="com.obsqura.TestNGSample.GroupGenderAgeRadioButton"/>
  <testcase name="patientMaleCheck" time="0.621" classname="com.obsqura.TestNGSample.GroupGenderAgeRadioButton"/>
</testsuite> <!-- Test -->
