<?xml version="1.0" encoding="UTF-8"?>
<!-- Generated by org.testng.reporters.JUnitXMLReporter -->
<testsuite hostname="DESKTOP-23R50OH" ignored="6" name="Test" tests="1" failures="0" timestamp="12 Nov 2022 10:54:51 GMT" time="9.845" errors="0">
  <testcase name="getSize" time="0.062" classname="com.obsqura.TestNGSample.GetCSSValue"/>
  <testcase name="enDisSel" time="0.0" classname="com.obsqura.TestNGSample.GetCSSValue">
    <ignored/>
  </testcase> <!-- enDisSel -->
  <testcase name="getCSSColor" time="0.0" classname="com.obsqura.TestNGSample.GetCSSValue">
    <ignored/>
  </testcase> <!-- getCSSColor -->
  <testcase name="getTagName" time="0.0" classname="com.obsqura.TestNGSample.GetCSSValue">
    <ignored/>
  </testcase> <!-- getTagName -->
  <testcase name="getCSSBgColor" time="0.0" classname="com.obsqura.TestNGSample.GetCSSValue">
    <ignored/>
  </testcase> <!-- getCSSBgColor -->
  <testcase name="compareLocation" time="0.0" classname="com.obsqura.TestNGSample.GetCSSValue">
    <ignored/>
  </testcase> <!-- compareLocation -->
  <testcase name="getAttribute" time="0.0" classname="com.obsqura.TestNGSample.GetCSSValue">
    <ignored/>
  </testcase> <!-- getAttribute -->
</testsuite> <!-- Test -->
