<?xml version="1.0" encoding="UTF-8"?>
<!-- Generated by org.testng.reporters.JUnitXMLReporter -->
<testsuite hostname="DESKTOP-23R50OH" ignored="0" name="Test" tests="12" failures="0" timestamp="21 Nov 2022 11:24:46 GMT" time="79.659" errors="0">
  <testcase name="patientAge1Check" time="0.579" classname="com.obsqura.TestNGSample.GroupGenderAgeRadioButton"/>
  <testcase name="patientAge2Check" time="0.725" classname="com.obsqura.TestNGSample.GroupGenderAgeRadioButton"/>
  <testcase name="patientAge3Check" time="0.656" classname="com.obsqura.TestNGSample.GroupGenderAgeRadioButton"/>
  <testcase name="patientFemaleAge1Check" time="0.632" classname="com.obsqura.TestNGSample.GroupGenderAgeRadioButton"/>
  <testcase name="patientFemaleAge2Check" time="0.69" classname="com.obsqura.TestNGSample.GroupGenderAgeRadioButton"/>
  <testcase name="patientFemaleAge3Check" time="0.621" classname="com.obsqura.TestNGSample.GroupGenderAgeRadioButton"/>
  <testcase name="patientFemaleCheck" time="0.625" classname="com.obsqura.TestNGSample.GroupGenderAgeRadioButton"/>
  <testcase name="patientGenderAgeGroupCheck" time="1.097" classname="com.obsqura.TestNGSample.GroupGenderAgeRadioButton"/>
  <testcase name="patientMaleAge1Check" time="0.615" classname="com.obsqura.TestNGSample.GroupGenderAgeRadioButton"/>
  <testcase name="patientMaleAge2Check" time="0.66" classname="com.obsqura.TestNGSample.GroupGenderAgeRadioButton"/>
  <testcase name="patientMaleAge3Check" time="0.586" classname="com.obsqura.TestNGSample.GroupGenderAgeRadioButton"/>
  <testcase name="patientMaleCheck" time="0.711" classname="com.obsqura.TestNGSample.GroupGenderAgeRadioButton"/>
</testsuite> <!-- Test -->
