<?xml version="1.0" encoding="UTF-8"?>
<!-- Generated by org.testng.reporters.JUnitXMLReporter -->
<testsuite hostname="DESKTOP-23R50OH" ignored="1" name="Test" tests="1" failures="0" timestamp="17 Nov 2022 11:48:18 GMT" time="9.565" errors="0">
  <testcase name="checkFemale" time="0.963" classname="com.obsqura.TestNGSample.RadioButton"/>
  <testcase name="checkMale" time="0.0" classname="com.obsqura.TestNGSample.RadioButton">
    <ignored/>
  </testcase> <!-- checkMale -->
</testsuite> <!-- Test -->
