<?xml version="1.0" encoding="UTF-8"?>
<!-- Generated by org.testng.reporters.JUnitXMLReporter -->
<testsuite hostname="DESKTOP-23R50OH" ignored="2" name="Test" tests="1" failures="0" timestamp="10 Nov 2022 05:04:36 GMT" time="38.314" errors="0">
  <testcase name="compareLocation" time="0.549" classname="com.obsqura.TestNGSample.GetCSSValue"/>
  <testcase name="getColor" time="0.0" classname="com.obsqura.TestNGSample.GetCSSValue">
    <ignored/>
  </testcase> <!-- getColor -->
  <testcase name="getCSSBgColor" time="0.0" classname="com.obsqura.TestNGSample.GetCSSValue">
    <ignored/>
  </testcase> <!-- getCSSBgColor -->
</testsuite> <!-- Test -->
