<?xml version="1.0" encoding="UTF-8"?>
<!-- Generated by org.testng.reporters.JUnitXMLReporter -->
<testsuite hostname="DESKTOP-23R50OH" ignored="9" name="Test" tests="1" failures="0" timestamp="03 Nov 2022 04:56:53 GMT" time="14.976" errors="0">
  <testcase name="locatingCSSCartToDeals" time="4.473" classname="com.obsqura.TestNGSample.Locators"/>
  <testcase name="locatingById" time="0.0" classname="com.obsqura.TestNGSample.Locators">
    <ignored/>
  </testcase> <!-- locatingById -->
  <testcase name="locatingAll" time="0.0" classname="com.obsqura.TestNGSample.Locators">
    <ignored/>
  </testcase> <!-- locatingAll -->
  <testcase name="locatingCSSSetLang" time="0.0" classname="com.obsqura.TestNGSample.Locators">
    <ignored/>
  </testcase> <!-- locatingCSSSetLang -->
  <testcase name="locatingCSSAll" time="0.0" classname="com.obsqura.TestNGSample.Locators">
    <ignored/>
  </testcase> <!-- locatingCSSAll -->
  <testcase name="locatingByClass" time="0.0" classname="com.obsqura.TestNGSample.Locators">
    <ignored/>
  </testcase> <!-- locatingByClass -->
  <testcase name="locatingCSSSel" time="0.0" classname="com.obsqura.TestNGSample.Locators">
    <ignored/>
  </testcase> <!-- locatingCSSSel -->
  <testcase name="locatingFlag" time="0.0" classname="com.obsqura.TestNGSample.Locators">
    <ignored/>
  </testcase> <!-- locatingFlag -->
  <testcase name="locatingName" time="0.0" classname="com.obsqura.TestNGSample.Locators">
    <ignored/>
  </testcase> <!-- locatingName -->
  <testcase name="locatingClass" time="0.0" classname="com.obsqura.TestNGSample.Locators">
    <ignored/>
  </testcase> <!-- locatingClass -->
</testsuite> <!-- Test -->
