<?xml version="1.0" encoding="UTF-8"?>
<!-- Generated by org.testng.reporters.JUnitXMLReporter -->
<testsuite hostname="DESKTOP-23R50OH" ignored="0" name="Test" tests="3" failures="0" timestamp="10 Nov 2022 06:28:40 GMT" time="49.184" errors="0">
  <testcase name="getCSSBgColor" time="0.027" classname="com.obsqura.TestNGSample.GetCSSValue"/>
  <testcase name="getCSSColor" time="0.066" classname="com.obsqura.TestNGSample.GetCSSValue"/>
  <testcase name="compareLocation" time="0.07" classname="com.obsqura.TestNGSample.GetCSSValue"/>
</testsuite> <!-- Test -->
