<?xml version="1.0" encoding="UTF-8"?>
<!-- Generated by org.testng.reporters.JUnitXMLReporter -->
<testsuite hostname="DESKTOP-23R50OH" ignored="0" name="Test" tests="4" failures="0" timestamp="08 Nov 2022 11:55:41 GMT" time="40.987" errors="0">
  <testcase name="execSpeedCSS" time="1.476" classname="com.obsqura.TestNGSample.TestExecutionSpeed"/>
  <testcase name="execSpeedClass" time="1.589" classname="com.obsqura.TestNGSample.TestExecutionSpeed"/>
  <testcase name="execSpeedId" time="1.852" classname="com.obsqura.TestNGSample.TestExecutionSpeed"/>
  <testcase name="execSpeedXpath" time="1.33" classname="com.obsqura.TestNGSample.TestExecutionSpeed"/>
</testsuite> <!-- Test -->
