<?xml version="1.0" encoding="UTF-8"?>
<testng-results skipped="0" failed="0" ignored="0" total="4" passed="4">
  <reporter-output>
  </reporter-output>
  <suite name="Default suite" duration-ms="37515" started-at="2022-10-31T04:24:11Z" finished-at="2022-10-31T04:24:49Z">
    <groups>
    </groups>
    <test name="Default test" duration-ms="37515" started-at="2022-10-31T04:24:11Z" finished-at="2022-10-31T04:24:49Z">
      <class name="com.obsqura.TestNGAssignment.TestCasesNg">
        <test-method status="PASS" signature="initBrowser()[pri:0, instance:com.obsqura.TestNGAssignment.TestCasesNg@f6c48ac]" name="initBrowser" is-config="true" duration-ms="8172" started-at="2022-10-31T08:24:11Z" finished-at="2022-10-31T08:24:19Z">
          <reporter-output>
          </reporter-output>
        </test-method> <!-- initBrowser -->
        <test-method status="PASS" signature="navigateandCheck()[pri:0, instance:com.obsqura.TestNGAssignment.TestCasesNg@f6c48ac]" name="navigateandCheck" duration-ms="816" started-at="2022-10-31T08:24:19Z" finished-at="2022-10-31T08:24:20Z">
          <reporter-output>
          </reporter-output>
        </test-method> <!-- navigateandCheck -->
        <test-method status="PASS" signature="browserQuit()[pri:0, instance:com.obsqura.TestNGAssignment.TestCasesNg@f6c48ac]" name="browserQuit" is-config="true" duration-ms="796" started-at="2022-10-31T08:24:20Z" finished-at="2022-10-31T08:24:21Z">
          <reporter-output>
          </reporter-output>
        </test-method> <!-- browserQuit -->
        <test-method status="PASS" signature="initBrowser()[pri:0, instance:com.obsqura.TestNGAssignment.TestCasesNg@f6c48ac]" name="initBrowser" is-config="true" duration-ms="8981" started-at="2022-10-31T08:24:21Z" finished-at="2022-10-31T08:24:30Z">
          <reporter-output>
          </reporter-output>
        </test-method> <!-- initBrowser -->
        <test-method status="PASS" signature="verifyPageSource()[pri:0, instance:com.obsqura.TestNGAssignment.TestCasesNg@f6c48ac]" name="verifyPageSource" duration-ms="399" started-at="2022-10-31T08:24:30Z" finished-at="2022-10-31T08:24:30Z">
          <reporter-output>
          </reporter-output>
        </test-method> <!-- verifyPageSource -->
        <test-method status="PASS" signature="browserQuit()[pri:0, instance:com.obsqura.TestNGAssignment.TestCasesNg@f6c48ac]" name="browserQuit" is-config="true" duration-ms="852" started-at="2022-10-31T08:24:30Z" finished-at="2022-10-31T08:24:31Z">
          <reporter-output>
          </reporter-output>
        </test-method> <!-- browserQuit -->
        <test-method status="PASS" signature="initBrowser()[pri:0, instance:com.obsqura.TestNGAssignment.TestCasesNg@f6c48ac]" name="initBrowser" is-config="true" duration-ms="6055" started-at="2022-10-31T08:24:31Z" finished-at="2022-10-31T08:24:37Z">
          <reporter-output>
          </reporter-output>
        </test-method> <!-- initBrowser -->
        <test-method status="PASS" signature="verifyTitle()[pri:0, instance:com.obsqura.TestNGAssignment.TestCasesNg@f6c48ac]" name="verifyTitle" duration-ms="131" started-at="2022-10-31T08:24:37Z" finished-at="2022-10-31T08:24:37Z">
          <reporter-output>
          </reporter-output>
        </test-method> <!-- verifyTitle -->
        <test-method status="PASS" signature="browserQuit()[pri:0, instance:com.obsqura.TestNGAssignment.TestCasesNg@f6c48ac]" name="browserQuit" is-config="true" duration-ms="920" started-at="2022-10-31T08:24:37Z" finished-at="2022-10-31T08:24:38Z">
          <reporter-output>
          </reporter-output>
        </test-method> <!-- browserQuit -->
        <test-method status="PASS" signature="initBrowser()[pri:0, instance:com.obsqura.TestNGAssignment.TestCasesNg@f6c48ac]" name="initBrowser" is-config="true" duration-ms="9393" started-at="2022-10-31T08:24:38Z" finished-at="2022-10-31T08:24:48Z">
          <reporter-output>
          </reporter-output>
        </test-method> <!-- initBrowser -->
        <test-method status="PASS" signature="verifyUrl()[pri:0, instance:com.obsqura.TestNGAssignment.TestCasesNg@f6c48ac]" name="verifyUrl" duration-ms="106" started-at="2022-10-31T08:24:48Z" finished-at="2022-10-31T08:24:48Z">
          <reporter-output>
          </reporter-output>
        </test-method> <!-- verifyUrl -->
        <test-method status="PASS" signature="browserQuit()[pri:0, instance:com.obsqura.TestNGAssignment.TestCasesNg@f6c48ac]" name="browserQuit" is-config="true" duration-ms="856" started-at="2022-10-31T08:24:48Z" finished-at="2022-10-31T08:24:49Z">
          <reporter-output>
          </reporter-output>
        </test-method> <!-- browserQuit -->
      </class> <!-- com.obsqura.TestNGAssignment.TestCasesNg -->
    </test> <!-- Default test -->
  </suite> <!-- Default suite -->
</testng-results>
