<?xml version="1.0" encoding="UTF-8"?>
<testng-results skipped="0" failed="0" ignored="0" total="1" passed="1">
  <reporter-output>
  </reporter-output>
  <suite name="Default suite" duration-ms="40780" started-at="2022-11-01T04:01:49Z" finished-at="2022-11-01T04:02:30Z">
    <groups>
    </groups>
    <test name="Default test" duration-ms="40780" started-at="2022-11-01T04:01:49Z" finished-at="2022-11-01T04:02:30Z">
      <class name="com.obsqura.TestNGAssignment.LocatorsId">
        <test-method status="PASS" signature="initBrowser()[pri:0, instance:com.obsqura.TestNGAssignment.LocatorsId@f6c48ac]" name="initBrowser" is-config="true" duration-ms="8468" started-at="2022-11-01T08:01:49Z" finished-at="2022-11-01T08:01:57Z">
          <reporter-output>
          </reporter-output>
        </test-method> <!-- initBrowser -->
        <test-method status="PASS" signature="locatorById()[pri:0, instance:com.obsqura.TestNGAssignment.LocatorsId@f6c48ac]" name="locatorById" duration-ms="31338" started-at="2022-11-01T08:01:57Z" description="locating with Id" finished-at="2022-11-01T08:02:29Z">
          <reporter-output>
          </reporter-output>
        </test-method> <!-- locatorById -->
        <test-method status="PASS" signature="browserQuit()[pri:0, instance:com.obsqura.TestNGAssignment.LocatorsId@f6c48ac]" name="browserQuit" is-config="true" duration-ms="952" started-at="2022-11-01T08:02:29Z" finished-at="2022-11-01T08:02:30Z">
          <reporter-output>
          </reporter-output>
        </test-method> <!-- browserQuit -->
      </class> <!-- com.obsqura.TestNGAssignment.LocatorsId -->
    </test> <!-- Default test -->
  </suite> <!-- Default suite -->
</testng-results>
