<?xml version="1.0" encoding="UTF-8"?>
<!-- Generated by org.testng.reporters.JUnitXMLReporter -->
<testsuite hostname="DESKTOP-23R50OH" ignored="0" name="Default test" tests="4" failures="0" timestamp="31 Oct 2022 04:24:49 GMT" time="37.515" errors="0">
  <testcase name="navigateandCheck" time="0.816" classname="com.obsqura.TestNGAssignment.TestCasesNg"/>
  <testcase name="verifyPageSource" time="0.399" classname="com.obsqura.TestNGAssignment.TestCasesNg"/>
  <testcase name="verifyTitle" time="0.131" classname="com.obsqura.TestNGAssignment.TestCasesNg"/>
  <testcase name="verifyUrl" time="0.106" classname="com.obsqura.TestNGAssignment.TestCasesNg"/>
</testsuite> <!-- Default test -->
