<?xml version="1.0" encoding="UTF-8"?>
<!-- Generated by org.testng.reporters.JUnitXMLReporter -->
<testsuite hostname="DESKTOP-23R50OH" ignored="0" name="Default test" tests="3" failures="0" timestamp="02 Nov 2022 11:33:53 GMT" time="86.754" errors="0">
  <testcase name="locatingAll" time="6.867" classname="com.obsqura.TestNGAssignment.LocatorsId"/>
  <testcase name="locatingElectronicsnFashion" time="8.373" classname="com.obsqura.TestNGAssignment.LocatorsId"/>
  <testcase name="locatorById" time="8.742" classname="com.obsqura.TestNGAssignment.LocatorsId"/>
</testsuite> <!-- Default test -->
